2025-03-29 23:56:18.789 -03:00 [WRN] Overriding address(es) 'http://localhost:5100'. Binding to endpoints defined via IConfiguration and/or UseKestrel() instead.
2025-03-29 23:56:18.851 -03:00 [ERR] Hosting failed to start
System.IO.IOException: Failed to bind to address http://[::]:5100: address already in use.
 ---> Microsoft.AspNetCore.Connections.AddressInUseException: Address already in use
 ---> System.Net.Sockets.SocketException (48): Address already in use
   at System.Net.Sockets.Socket.DoBind(EndPoint endPointSnapshot, SocketAddress socketAddress)
   at System.Net.Sockets.Socket.Bind(EndPoint localEP)
   at Microsoft.AspNetCore.Server.Kestrel.Transport.Sockets.SocketTransportOptions.CreateDefaultBoundListenSocket(EndPoint endpoint)
   at Microsoft.AspNetCore.Server.Kestrel.Transport.Sockets.SocketConnectionListener.Bind()
   --- End of inner exception stack trace ---
   at Microsoft.AspNetCore.Server.Kestrel.Transport.Sockets.SocketConnectionListener.Bind()
   at Microsoft.AspNetCore.Server.Kestrel.Transport.Sockets.SocketTransportFactory.BindAsync(EndPoint endpoint, CancellationToken cancellationToken)
   at Microsoft.AspNetCore.Server.Kestrel.Core.Internal.Infrastructure.TransportManager.BindAsync(EndPoint endPoint, ConnectionDelegate connectionDelegate, EndpointConfig endpointConfig, CancellationToken cancellationToken)
   at Microsoft.AspNetCore.Server.Kestrel.Core.KestrelServerImpl.<>c__DisplayClass28_0`1.<<StartAsync>g__OnBind|0>d.MoveNext()
--- End of stack trace from previous location ---
   at Microsoft.AspNetCore.Server.Kestrel.Core.Internal.AddressBinder.BindEndpointAsync(ListenOptions endpoint, AddressBindContext context, CancellationToken cancellationToken)
   --- End of inner exception stack trace ---
   at Microsoft.AspNetCore.Server.Kestrel.Core.Internal.AddressBinder.BindEndpointAsync(ListenOptions endpoint, AddressBindContext context, CancellationToken cancellationToken)
   at Microsoft.AspNetCore.Server.Kestrel.Core.ListenOptions.BindAsync(AddressBindContext context, CancellationToken cancellationToken)
   at Microsoft.AspNetCore.Server.Kestrel.Core.AnyIPListenOptions.BindAsync(AddressBindContext context, CancellationToken cancellationToken)
   at Microsoft.AspNetCore.Server.Kestrel.Core.Internal.AddressBinder.EndpointsStrategy.BindAsync(AddressBindContext context, CancellationToken cancellationToken)
   at Microsoft.AspNetCore.Server.Kestrel.Core.KestrelServerImpl.BindAsync(CancellationToken cancellationToken)
   at Microsoft.AspNetCore.Server.Kestrel.Core.KestrelServerImpl.StartAsync[TContext](IHttpApplication`1 application, CancellationToken cancellationToken)
   at Microsoft.AspNetCore.Hosting.GenericWebHostService.StartAsync(CancellationToken cancellationToken)
   at Microsoft.Extensions.Hosting.Internal.Host.<StartAsync>b__14_1(IHostedService service, CancellationToken token)
   at Microsoft.Extensions.Hosting.Internal.Host.ForeachService[T](IEnumerable`1 services, CancellationToken token, Boolean concurrent, Boolean abortOnFirstException, List`1 exceptions, Func`3 operation)
2025-03-29 23:57:13.927 -03:00 [WRN] Overriding address(es) 'http://localhost:5100'. Binding to endpoints defined via IConfiguration and/or UseKestrel() instead.
2025-03-29 23:57:14.013 -03:00 [INF] Now listening on: http://[::]:5100
2025-03-29 23:57:14.013 -03:00 [INF] Application started. Press Ctrl+C to shut down.
2025-03-29 23:57:14.013 -03:00 [INF] Hosting environment: Development
2025-03-29 23:57:14.014 -03:00 [INF] Content root path: /Users/hengtan/RiderProjects/ecommerce-microservices-observability-platform/src/services/Orders/Orders.API
2025-03-29 23:57:47.648 -03:00 [WRN] Overriding address(es) 'http://localhost:5100'. Binding to endpoints defined via IConfiguration and/or UseKestrel() instead.
2025-03-29 23:57:47.706 -03:00 [INF] Now listening on: http://[::]:5100
2025-03-29 23:57:47.706 -03:00 [INF] Application started. Press Ctrl+C to shut down.
2025-03-29 23:57:47.706 -03:00 [INF] Hosting environment: Development
2025-03-29 23:57:47.706 -03:00 [INF] Content root path: /Users/hengtan/RiderProjects/ecommerce-microservices-observability-platform/src/services/Orders/Orders.API
2025-03-29 23:57:50.200 -03:00 [INF] Application is shutting down...
