2025-03-31 00:00:01.511 -03:00 [ERR] An error occurred using the connection to database '' on server ''.
2025-03-31 00:00:01.519 -03:00 [WRN] Database not ready yet... retries left: 4
System.InvalidOperationException: The ConnectionString property has not been initialized.
   at Npgsql.ThrowHelper.ThrowInvalidOperationException(String message)
   at Npgsql.NpgsqlConnection.Open(Boolean async, CancellationToken cancellationToken)
   at Npgsql.NpgsqlConnection.Open()
   at Microsoft.EntityFrameworkCore.Storage.RelationalConnection.OpenDbConnection(Boolean errorsExpected)
   at Microsoft.EntityFrameworkCore.Storage.RelationalConnection.OpenInternal(Boolean errorsExpected)
   at Microsoft.EntityFrameworkCore.Storage.RelationalConnection.Open(Boolean errorsExpected)
   at Microsoft.EntityFrameworkCore.Storage.RelationalCommand.ExecuteReader(RelationalCommandParameterObject parameterObject)
   at Microsoft.EntityFrameworkCore.Migrations.HistoryRepository.GetAppliedMigrations()
   at Npgsql.EntityFrameworkCore.PostgreSQL.Migrations.Internal.NpgsqlHistoryRepository.GetAppliedMigrations()
   at Npgsql.EntityFrameworkCore.PostgreSQL.Migrations.Internal.NpgsqlMigrator.Migrate(String targetMigration)
   at Microsoft.EntityFrameworkCore.RelationalDatabaseFacadeExtensions.Migrate(DatabaseFacade databaseFacade)
   at Program.<Main>$(String[] args) in /Users/hengtan/RiderProjects/ecommerce-microservices-observability-platform/src/services/Orders/Orders.API/Program.cs:line 94
2025-03-31 00:00:04.531 -03:00 [ERR] An error occurred using the connection to database '' on server ''.
2025-03-31 00:00:04.536 -03:00 [WRN] Database not ready yet... retries left: 3
System.InvalidOperationException: The ConnectionString property has not been initialized.
   at Npgsql.ThrowHelper.ThrowInvalidOperationException(String message)
   at Npgsql.NpgsqlConnection.Open(Boolean async, CancellationToken cancellationToken)
   at Npgsql.NpgsqlConnection.Open()
   at Microsoft.EntityFrameworkCore.Storage.RelationalConnection.OpenDbConnection(Boolean errorsExpected)
   at Microsoft.EntityFrameworkCore.Storage.RelationalConnection.OpenInternal(Boolean errorsExpected)
   at Microsoft.EntityFrameworkCore.Storage.RelationalConnection.Open(Boolean errorsExpected)
   at Microsoft.EntityFrameworkCore.Storage.RelationalCommand.ExecuteReader(RelationalCommandParameterObject parameterObject)
   at Microsoft.EntityFrameworkCore.Migrations.HistoryRepository.GetAppliedMigrations()
   at Npgsql.EntityFrameworkCore.PostgreSQL.Migrations.Internal.NpgsqlHistoryRepository.GetAppliedMigrations()
   at Npgsql.EntityFrameworkCore.PostgreSQL.Migrations.Internal.NpgsqlMigrator.Migrate(String targetMigration)
   at Microsoft.EntityFrameworkCore.RelationalDatabaseFacadeExtensions.Migrate(DatabaseFacade databaseFacade)
   at Program.<Main>$(String[] args) in /Users/hengtan/RiderProjects/ecommerce-microservices-observability-platform/src/services/Orders/Orders.API/Program.cs:line 94
2025-03-31 00:00:07.547 -03:00 [ERR] An error occurred using the connection to database '' on server ''.
2025-03-31 00:00:07.556 -03:00 [WRN] Database not ready yet... retries left: 2
System.InvalidOperationException: The ConnectionString property has not been initialized.
   at Npgsql.ThrowHelper.ThrowInvalidOperationException(String message)
   at Npgsql.NpgsqlConnection.Open(Boolean async, CancellationToken cancellationToken)
   at Npgsql.NpgsqlConnection.Open()
   at Microsoft.EntityFrameworkCore.Storage.RelationalConnection.OpenDbConnection(Boolean errorsExpected)
   at Microsoft.EntityFrameworkCore.Storage.RelationalConnection.OpenInternal(Boolean errorsExpected)
   at Microsoft.EntityFrameworkCore.Storage.RelationalConnection.Open(Boolean errorsExpected)
   at Microsoft.EntityFrameworkCore.Storage.RelationalCommand.ExecuteReader(RelationalCommandParameterObject parameterObject)
   at Microsoft.EntityFrameworkCore.Migrations.HistoryRepository.GetAppliedMigrations()
   at Npgsql.EntityFrameworkCore.PostgreSQL.Migrations.Internal.NpgsqlHistoryRepository.GetAppliedMigrations()
   at Npgsql.EntityFrameworkCore.PostgreSQL.Migrations.Internal.NpgsqlMigrator.Migrate(String targetMigration)
   at Microsoft.EntityFrameworkCore.RelationalDatabaseFacadeExtensions.Migrate(DatabaseFacade databaseFacade)
   at Program.<Main>$(String[] args) in /Users/hengtan/RiderProjects/ecommerce-microservices-observability-platform/src/services/Orders/Orders.API/Program.cs:line 94
2025-03-31 00:00:31.025 -03:00 [ERR] An error occurred using the connection to database '' on server ''.
2025-03-31 00:00:31.076 -03:00 [WRN] Database not ready yet... retries left: 5
System.InvalidOperationException: The ConnectionString property has not been initialized.
   at Npgsql.ThrowHelper.ThrowInvalidOperationException(String message)
   at Npgsql.NpgsqlConnection.Open(Boolean async, CancellationToken cancellationToken)
   at Npgsql.NpgsqlConnection.Open()
   at Microsoft.EntityFrameworkCore.Storage.RelationalConnection.OpenDbConnection(Boolean errorsExpected)
   at Microsoft.EntityFrameworkCore.Storage.RelationalConnection.OpenInternal(Boolean errorsExpected)
   at Microsoft.EntityFrameworkCore.Storage.RelationalConnection.Open(Boolean errorsExpected)
   at Microsoft.EntityFrameworkCore.Storage.RelationalCommand.ExecuteReader(RelationalCommandParameterObject parameterObject)
   at Microsoft.EntityFrameworkCore.Migrations.HistoryRepository.GetAppliedMigrations()
   at Npgsql.EntityFrameworkCore.PostgreSQL.Migrations.Internal.NpgsqlHistoryRepository.GetAppliedMigrations()
   at Npgsql.EntityFrameworkCore.PostgreSQL.Migrations.Internal.NpgsqlMigrator.Migrate(String targetMigration)
   at Microsoft.EntityFrameworkCore.RelationalDatabaseFacadeExtensions.Migrate(DatabaseFacade databaseFacade)
   at Program.<Main>$(String[] args) in /Users/hengtan/RiderProjects/ecommerce-microservices-observability-platform/src/services/Orders/Orders.API/Program.cs:line 94
2025-03-31 00:00:34.103 -03:00 [ERR] An error occurred using the connection to database '' on server ''.
2025-03-31 00:00:34.131 -03:00 [WRN] Database not ready yet... retries left: 4
System.InvalidOperationException: The ConnectionString property has not been initialized.
   at Npgsql.ThrowHelper.ThrowInvalidOperationException(String message)
   at Npgsql.NpgsqlConnection.Open(Boolean async, CancellationToken cancellationToken)
   at Npgsql.NpgsqlConnection.Open()
   at Microsoft.EntityFrameworkCore.Storage.RelationalConnection.OpenDbConnection(Boolean errorsExpected)
   at Microsoft.EntityFrameworkCore.Storage.RelationalConnection.OpenInternal(Boolean errorsExpected)
   at Microsoft.EntityFrameworkCore.Storage.RelationalConnection.Open(Boolean errorsExpected)
   at Microsoft.EntityFrameworkCore.Storage.RelationalCommand.ExecuteReader(RelationalCommandParameterObject parameterObject)
   at Microsoft.EntityFrameworkCore.Migrations.HistoryRepository.GetAppliedMigrations()
   at Npgsql.EntityFrameworkCore.PostgreSQL.Migrations.Internal.NpgsqlHistoryRepository.GetAppliedMigrations()
   at Npgsql.EntityFrameworkCore.PostgreSQL.Migrations.Internal.NpgsqlMigrator.Migrate(String targetMigration)
   at Microsoft.EntityFrameworkCore.RelationalDatabaseFacadeExtensions.Migrate(DatabaseFacade databaseFacade)
   at Program.<Main>$(String[] args) in /Users/hengtan/RiderProjects/ecommerce-microservices-observability-platform/src/services/Orders/Orders.API/Program.cs:line 94
2025-03-31 00:00:37.149 -03:00 [ERR] An error occurred using the connection to database '' on server ''.
2025-03-31 00:00:37.154 -03:00 [WRN] Database not ready yet... retries left: 3
System.InvalidOperationException: The ConnectionString property has not been initialized.
   at Npgsql.ThrowHelper.ThrowInvalidOperationException(String message)
   at Npgsql.NpgsqlConnection.Open(Boolean async, CancellationToken cancellationToken)
   at Npgsql.NpgsqlConnection.Open()
   at Microsoft.EntityFrameworkCore.Storage.RelationalConnection.OpenDbConnection(Boolean errorsExpected)
   at Microsoft.EntityFrameworkCore.Storage.RelationalConnection.OpenInternal(Boolean errorsExpected)
   at Microsoft.EntityFrameworkCore.Storage.RelationalConnection.Open(Boolean errorsExpected)
   at Microsoft.EntityFrameworkCore.Storage.RelationalCommand.ExecuteReader(RelationalCommandParameterObject parameterObject)
   at Microsoft.EntityFrameworkCore.Migrations.HistoryRepository.GetAppliedMigrations()
   at Npgsql.EntityFrameworkCore.PostgreSQL.Migrations.Internal.NpgsqlHistoryRepository.GetAppliedMigrations()
   at Npgsql.EntityFrameworkCore.PostgreSQL.Migrations.Internal.NpgsqlMigrator.Migrate(String targetMigration)
   at Microsoft.EntityFrameworkCore.RelationalDatabaseFacadeExtensions.Migrate(DatabaseFacade databaseFacade)
   at Program.<Main>$(String[] args) in /Users/hengtan/RiderProjects/ecommerce-microservices-observability-platform/src/services/Orders/Orders.API/Program.cs:line 94
2025-03-31 00:00:40.162 -03:00 [ERR] An error occurred using the connection to database '' on server ''.
2025-03-31 00:00:40.168 -03:00 [WRN] Database not ready yet... retries left: 2
System.InvalidOperationException: The ConnectionString property has not been initialized.
   at Npgsql.ThrowHelper.ThrowInvalidOperationException(String message)
   at Npgsql.NpgsqlConnection.Open(Boolean async, CancellationToken cancellationToken)
   at Npgsql.NpgsqlConnection.Open()
   at Microsoft.EntityFrameworkCore.Storage.RelationalConnection.OpenDbConnection(Boolean errorsExpected)
   at Microsoft.EntityFrameworkCore.Storage.RelationalConnection.OpenInternal(Boolean errorsExpected)
   at Microsoft.EntityFrameworkCore.Storage.RelationalConnection.Open(Boolean errorsExpected)
   at Microsoft.EntityFrameworkCore.Storage.RelationalCommand.ExecuteReader(RelationalCommandParameterObject parameterObject)
   at Microsoft.EntityFrameworkCore.Migrations.HistoryRepository.GetAppliedMigrations()
   at Npgsql.EntityFrameworkCore.PostgreSQL.Migrations.Internal.NpgsqlHistoryRepository.GetAppliedMigrations()
   at Npgsql.EntityFrameworkCore.PostgreSQL.Migrations.Internal.NpgsqlMigrator.Migrate(String targetMigration)
   at Microsoft.EntityFrameworkCore.RelationalDatabaseFacadeExtensions.Migrate(DatabaseFacade databaseFacade)
   at Program.<Main>$(String[] args) in /Users/hengtan/RiderProjects/ecommerce-microservices-observability-platform/src/services/Orders/Orders.API/Program.cs:line 94
2025-03-31 00:00:43.179 -03:00 [ERR] An error occurred using the connection to database '' on server ''.
2025-03-31 00:00:43.190 -03:00 [WRN] Database not ready yet... retries left: 1
System.InvalidOperationException: The ConnectionString property has not been initialized.
   at Npgsql.ThrowHelper.ThrowInvalidOperationException(String message)
   at Npgsql.NpgsqlConnection.Open(Boolean async, CancellationToken cancellationToken)
   at Npgsql.NpgsqlConnection.Open()
   at Microsoft.EntityFrameworkCore.Storage.RelationalConnection.OpenDbConnection(Boolean errorsExpected)
   at Microsoft.EntityFrameworkCore.Storage.RelationalConnection.OpenInternal(Boolean errorsExpected)
   at Microsoft.EntityFrameworkCore.Storage.RelationalConnection.Open(Boolean errorsExpected)
   at Microsoft.EntityFrameworkCore.Storage.RelationalCommand.ExecuteReader(RelationalCommandParameterObject parameterObject)
   at Microsoft.EntityFrameworkCore.Migrations.HistoryRepository.GetAppliedMigrations()
   at Npgsql.EntityFrameworkCore.PostgreSQL.Migrations.Internal.NpgsqlHistoryRepository.GetAppliedMigrations()
   at Npgsql.EntityFrameworkCore.PostgreSQL.Migrations.Internal.NpgsqlMigrator.Migrate(String targetMigration)
   at Microsoft.EntityFrameworkCore.RelationalDatabaseFacadeExtensions.Migrate(DatabaseFacade databaseFacade)
   at Program.<Main>$(String[] args) in /Users/hengtan/RiderProjects/ecommerce-microservices-observability-platform/src/services/Orders/Orders.API/Program.cs:line 94
2025-03-31 00:01:06.957 -03:00 [ERR] An error occurred using the connection to database '' on server ''.
2025-03-31 00:01:07.007 -03:00 [WRN] Database not ready yet... retries left: 5
System.InvalidOperationException: The ConnectionString property has not been initialized.
   at Npgsql.ThrowHelper.ThrowInvalidOperationException(String message)
   at Npgsql.NpgsqlConnection.Open(Boolean async, CancellationToken cancellationToken)
   at Npgsql.NpgsqlConnection.Open()
   at Microsoft.EntityFrameworkCore.Storage.RelationalConnection.OpenDbConnection(Boolean errorsExpected)
   at Microsoft.EntityFrameworkCore.Storage.RelationalConnection.OpenInternal(Boolean errorsExpected)
   at Microsoft.EntityFrameworkCore.Storage.RelationalConnection.Open(Boolean errorsExpected)
   at Microsoft.EntityFrameworkCore.Storage.RelationalCommand.ExecuteReader(RelationalCommandParameterObject parameterObject)
   at Microsoft.EntityFrameworkCore.Migrations.HistoryRepository.GetAppliedMigrations()
   at Npgsql.EntityFrameworkCore.PostgreSQL.Migrations.Internal.NpgsqlHistoryRepository.GetAppliedMigrations()
   at Npgsql.EntityFrameworkCore.PostgreSQL.Migrations.Internal.NpgsqlMigrator.Migrate(String targetMigration)
   at Microsoft.EntityFrameworkCore.RelationalDatabaseFacadeExtensions.Migrate(DatabaseFacade databaseFacade)
   at Program.<Main>$(String[] args) in /Users/hengtan/RiderProjects/ecommerce-microservices-observability-platform/src/services/Orders/Orders.API/Program.cs:line 94
2025-03-31 00:01:10.058 -03:00 [ERR] An error occurred using the connection to database '' on server ''.
2025-03-31 00:01:10.067 -03:00 [WRN] Database not ready yet... retries left: 4
System.InvalidOperationException: The ConnectionString property has not been initialized.
   at Npgsql.ThrowHelper.ThrowInvalidOperationException(String message)
   at Npgsql.NpgsqlConnection.Open(Boolean async, CancellationToken cancellationToken)
   at Npgsql.NpgsqlConnection.Open()
   at Microsoft.EntityFrameworkCore.Storage.RelationalConnection.OpenDbConnection(Boolean errorsExpected)
   at Microsoft.EntityFrameworkCore.Storage.RelationalConnection.OpenInternal(Boolean errorsExpected)
   at Microsoft.EntityFrameworkCore.Storage.RelationalConnection.Open(Boolean errorsExpected)
   at Microsoft.EntityFrameworkCore.Storage.RelationalCommand.ExecuteReader(RelationalCommandParameterObject parameterObject)
   at Microsoft.EntityFrameworkCore.Migrations.HistoryRepository.GetAppliedMigrations()
   at Npgsql.EntityFrameworkCore.PostgreSQL.Migrations.Internal.NpgsqlHistoryRepository.GetAppliedMigrations()
   at Npgsql.EntityFrameworkCore.PostgreSQL.Migrations.Internal.NpgsqlMigrator.Migrate(String targetMigration)
   at Microsoft.EntityFrameworkCore.RelationalDatabaseFacadeExtensions.Migrate(DatabaseFacade databaseFacade)
   at Program.<Main>$(String[] args) in /Users/hengtan/RiderProjects/ecommerce-microservices-observability-platform/src/services/Orders/Orders.API/Program.cs:line 94
2025-03-31 00:01:13.095 -03:00 [ERR] An error occurred using the connection to database '' on server ''.
2025-03-31 00:01:13.099 -03:00 [WRN] Database not ready yet... retries left: 3
System.InvalidOperationException: The ConnectionString property has not been initialized.
   at Npgsql.ThrowHelper.ThrowInvalidOperationException(String message)
   at Npgsql.NpgsqlConnection.Open(Boolean async, CancellationToken cancellationToken)
   at Npgsql.NpgsqlConnection.Open()
   at Microsoft.EntityFrameworkCore.Storage.RelationalConnection.OpenDbConnection(Boolean errorsExpected)
   at Microsoft.EntityFrameworkCore.Storage.RelationalConnection.OpenInternal(Boolean errorsExpected)
   at Microsoft.EntityFrameworkCore.Storage.RelationalConnection.Open(Boolean errorsExpected)
   at Microsoft.EntityFrameworkCore.Storage.RelationalCommand.ExecuteReader(RelationalCommandParameterObject parameterObject)
   at Microsoft.EntityFrameworkCore.Migrations.HistoryRepository.GetAppliedMigrations()
   at Npgsql.EntityFrameworkCore.PostgreSQL.Migrations.Internal.NpgsqlHistoryRepository.GetAppliedMigrations()
   at Npgsql.EntityFrameworkCore.PostgreSQL.Migrations.Internal.NpgsqlMigrator.Migrate(String targetMigration)
   at Microsoft.EntityFrameworkCore.RelationalDatabaseFacadeExtensions.Migrate(DatabaseFacade databaseFacade)
   at Program.<Main>$(String[] args) in /Users/hengtan/RiderProjects/ecommerce-microservices-observability-platform/src/services/Orders/Orders.API/Program.cs:line 94
2025-03-31 00:01:16.112 -03:00 [ERR] An error occurred using the connection to database '' on server ''.
2025-03-31 00:01:16.121 -03:00 [WRN] Database not ready yet... retries left: 2
System.InvalidOperationException: The ConnectionString property has not been initialized.
   at Npgsql.ThrowHelper.ThrowInvalidOperationException(String message)
   at Npgsql.NpgsqlConnection.Open(Boolean async, CancellationToken cancellationToken)
   at Npgsql.NpgsqlConnection.Open()
   at Microsoft.EntityFrameworkCore.Storage.RelationalConnection.OpenDbConnection(Boolean errorsExpected)
   at Microsoft.EntityFrameworkCore.Storage.RelationalConnection.OpenInternal(Boolean errorsExpected)
   at Microsoft.EntityFrameworkCore.Storage.RelationalConnection.Open(Boolean errorsExpected)
   at Microsoft.EntityFrameworkCore.Storage.RelationalCommand.ExecuteReader(RelationalCommandParameterObject parameterObject)
   at Microsoft.EntityFrameworkCore.Migrations.HistoryRepository.GetAppliedMigrations()
   at Npgsql.EntityFrameworkCore.PostgreSQL.Migrations.Internal.NpgsqlHistoryRepository.GetAppliedMigrations()
   at Npgsql.EntityFrameworkCore.PostgreSQL.Migrations.Internal.NpgsqlMigrator.Migrate(String targetMigration)
   at Microsoft.EntityFrameworkCore.RelationalDatabaseFacadeExtensions.Migrate(DatabaseFacade databaseFacade)
   at Program.<Main>$(String[] args) in /Users/hengtan/RiderProjects/ecommerce-microservices-observability-platform/src/services/Orders/Orders.API/Program.cs:line 94
2025-03-31 00:01:19.135 -03:00 [ERR] An error occurred using the connection to database '' on server ''.
2025-03-31 00:01:19.147 -03:00 [WRN] Database not ready yet... retries left: 1
System.InvalidOperationException: The ConnectionString property has not been initialized.
   at Npgsql.ThrowHelper.ThrowInvalidOperationException(String message)
   at Npgsql.NpgsqlConnection.Open(Boolean async, CancellationToken cancellationToken)
   at Npgsql.NpgsqlConnection.Open()
   at Microsoft.EntityFrameworkCore.Storage.RelationalConnection.OpenDbConnection(Boolean errorsExpected)
   at Microsoft.EntityFrameworkCore.Storage.RelationalConnection.OpenInternal(Boolean errorsExpected)
   at Microsoft.EntityFrameworkCore.Storage.RelationalConnection.Open(Boolean errorsExpected)
   at Microsoft.EntityFrameworkCore.Storage.RelationalCommand.ExecuteReader(RelationalCommandParameterObject parameterObject)
   at Microsoft.EntityFrameworkCore.Migrations.HistoryRepository.GetAppliedMigrations()
   at Npgsql.EntityFrameworkCore.PostgreSQL.Migrations.Internal.NpgsqlHistoryRepository.GetAppliedMigrations()
   at Npgsql.EntityFrameworkCore.PostgreSQL.Migrations.Internal.NpgsqlMigrator.Migrate(String targetMigration)
   at Microsoft.EntityFrameworkCore.RelationalDatabaseFacadeExtensions.Migrate(DatabaseFacade databaseFacade)
   at Program.<Main>$(String[] args) in /Users/hengtan/RiderProjects/ecommerce-microservices-observability-platform/src/services/Orders/Orders.API/Program.cs:line 94
2025-03-31 00:01:22.266 -03:00 [WRN] Overriding address(es) 'http://localhost:5100'. Binding to endpoints defined via IConfiguration and/or UseKestrel() instead.
2025-03-31 00:01:22.276 -03:00 [ERR] Hosting failed to start
System.IO.IOException: Failed to bind to address http://[::]:5100: address already in use.
 ---> Microsoft.AspNetCore.Connections.AddressInUseException: Address already in use
 ---> System.Net.Sockets.SocketException (48): Address already in use
   at System.Net.Sockets.Socket.DoBind(EndPoint endPointSnapshot, SocketAddress socketAddress)
   at System.Net.Sockets.Socket.Bind(EndPoint localEP)
   at Microsoft.AspNetCore.Server.Kestrel.Transport.Sockets.SocketTransportOptions.CreateDefaultBoundListenSocket(EndPoint endpoint)
   at Microsoft.AspNetCore.Server.Kestrel.Transport.Sockets.SocketConnectionListener.Bind()
   --- End of inner exception stack trace ---
   at Microsoft.AspNetCore.Server.Kestrel.Transport.Sockets.SocketConnectionListener.Bind()
   at Microsoft.AspNetCore.Server.Kestrel.Transport.Sockets.SocketTransportFactory.BindAsync(EndPoint endpoint, CancellationToken cancellationToken)
   at Microsoft.AspNetCore.Server.Kestrel.Core.Internal.Infrastructure.TransportManager.BindAsync(EndPoint endPoint, ConnectionDelegate connectionDelegate, EndpointConfig endpointConfig, CancellationToken cancellationToken)
   at Microsoft.AspNetCore.Server.Kestrel.Core.KestrelServerImpl.<>c__DisplayClass28_0`1.<<StartAsync>g__OnBind|0>d.MoveNext()
--- End of stack trace from previous location ---
   at Microsoft.AspNetCore.Server.Kestrel.Core.Internal.AddressBinder.BindEndpointAsync(ListenOptions endpoint, AddressBindContext context, CancellationToken cancellationToken)
   --- End of inner exception stack trace ---
   at Microsoft.AspNetCore.Server.Kestrel.Core.Internal.AddressBinder.BindEndpointAsync(ListenOptions endpoint, AddressBindContext context, CancellationToken cancellationToken)
   at Microsoft.AspNetCore.Server.Kestrel.Core.ListenOptions.BindAsync(AddressBindContext context, CancellationToken cancellationToken)
   at Microsoft.AspNetCore.Server.Kestrel.Core.AnyIPListenOptions.BindAsync(AddressBindContext context, CancellationToken cancellationToken)
   at Microsoft.AspNetCore.Server.Kestrel.Core.Internal.AddressBinder.EndpointsStrategy.BindAsync(AddressBindContext context, CancellationToken cancellationToken)
   at Microsoft.AspNetCore.Server.Kestrel.Core.KestrelServerImpl.BindAsync(CancellationToken cancellationToken)
   at Microsoft.AspNetCore.Server.Kestrel.Core.KestrelServerImpl.StartAsync[TContext](IHttpApplication`1 application, CancellationToken cancellationToken)
   at Microsoft.AspNetCore.Hosting.GenericWebHostService.StartAsync(CancellationToken cancellationToken)
   at Microsoft.Extensions.Hosting.Internal.Host.<StartAsync>b__14_1(IHostedService service, CancellationToken token)
   at Microsoft.Extensions.Hosting.Internal.Host.ForeachService[T](IEnumerable`1 services, CancellationToken token, Boolean concurrent, Boolean abortOnFirstException, List`1 exceptions, Func`3 operation)
